2013-01-21 08:00:45.316+0000: WARNING! Deprecated configuration options used. See manual for details
2013-01-21 08:00:45.327+0000: cannot configure writers and searchers individually since they go together
2013-01-21 08:00:45.391+0000: Creating new db @ C:\Users\bobwrit\Documents\Code\Reverse Turing - Natural Language\Reverse-Turing\bir\neostore
2013-01-21 08:00:45.475+0000: [C:\Users\bobwrit\Documents\Code\Reverse Turing - Natural Language\Reverse-Turing\bir\neostore.nodestore.db] brickCount=0 brickSize=230679b mappedMem=23068672b (storeSize=0b)
2013-01-21 08:00:45.480+0000: C:\Users\bobwrit\Documents\Code\Reverse Turing - Natural Language\Reverse-Turing\bir\neostore.nodestore.db hit=1 miss=0 switches=0 ooe=0
2013-01-21 08:00:45.529+0000: [C:\Users\bobwrit\Documents\Code\Reverse Turing - Natural Language\Reverse-Turing\bir\neostore.relationshiptypestore.db.names] brickCount=0 brickSize=0b mappedMem=0b (storeSize=38b)
2013-01-21 08:00:45.533+0000: [C:\Users\bobwrit\Documents\Code\Reverse Turing - Natural Language\Reverse-Turing\bir\neostore.relationshiptypestore.db] brickCount=0 brickSize=0b mappedMem=0b (storeSize=0b)
2013-01-21 08:00:45.535+0000: C:\Users\bobwrit\Documents\Code\Reverse Turing - Natural Language\Reverse-Turing\bir\neostore.relationshiptypestore.db.names hit=0 miss=0 switches=0 ooe=0
2013-01-21 08:00:45.538+0000: C:\Users\bobwrit\Documents\Code\Reverse Turing - Natural Language\Reverse-Turing\bir\neostore.relationshiptypestore.db hit=0 miss=0 switches=0 ooe=0
2013-01-21 08:00:45.542+0000: [C:\Users\bobwrit\Documents\Code\Reverse Turing - Natural Language\Reverse-Turing\bir\neostore.relationshiptypestore.db.names] brickCount=0 brickSize=0b mappedMem=0b (storeSize=38b)
2013-01-21 08:00:45.543+0000: [C:\Users\bobwrit\Documents\Code\Reverse Turing - Natural Language\Reverse-Turing\bir\neostore.relationshiptypestore.db] brickCount=0 brickSize=0b mappedMem=0b (storeSize=0b)
2013-01-21 08:00:45.544+0000: [C:\Users\bobwrit\Documents\Code\Reverse Turing - Natural Language\Reverse-Turing\bir\neostore.propertystore.db.strings] brickCount=0 brickSize=73344b mappedMem=73400320b (storeSize=128b)
2013-01-21 08:00:45.545+0000: [C:\Users\bobwrit\Documents\Code\Reverse Turing - Natural Language\Reverse-Turing\bir\neostore.propertystore.db.index.keys] brickCount=0 brickSize=1026b mappedMem=1048576b (storeSize=38b)
2013-01-21 08:00:45.547+0000: [C:\Users\bobwrit\Documents\Code\Reverse Turing - Natural Language\Reverse-Turing\bir\neostore.propertystore.db.index] brickCount=0 brickSize=10485b mappedMem=1048576b (storeSize=0b)
2013-01-21 08:00:45.549+0000: [C:\Users\bobwrit\Documents\Code\Reverse Turing - Natural Language\Reverse-Turing\bir\neostore.propertystore.db.arrays] brickCount=0 brickSize=82816b mappedMem=82837504b (storeSize=128b)
2013-01-21 08:00:45.552+0000: [C:\Users\bobwrit\Documents\Code\Reverse Turing - Natural Language\Reverse-Turing\bir\neostore.propertystore.db] brickCount=0 brickSize=859811b mappedMem=85983232b (storeSize=0b)
2013-01-21 08:00:45.554+0000: [C:\Users\bobwrit\Documents\Code\Reverse Turing - Natural Language\Reverse-Turing\bir\neostore.relationshipstore.db] brickCount=0 brickSize=1048575b mappedMem=104857600b (storeSize=0b)
2013-01-21 08:00:45.555+0000: [C:\Users\bobwrit\Documents\Code\Reverse Turing - Natural Language\Reverse-Turing\bir\neostore.nodestore.db] brickCount=0 brickSize=23067b mappedMem=23068672b (storeSize=9b)
2013-01-21 08:00:45.557+0000: [C:\Users\bobwrit\Documents\Code\Reverse Turing - Natural Language\Reverse-Turing\bir\neostore] brickCount=0 brickSize=0b mappedMem=0b (storeSize=0b)
2013-01-21 08:00:45.561+0000: C:\Users\bobwrit\Documents\Code\Reverse Turing - Natural Language\Reverse-Turing\bir\neostore.relationshiptypestore.db.names hit=0 miss=0 switches=0 ooe=0
2013-01-21 08:00:45.565+0000: C:\Users\bobwrit\Documents\Code\Reverse Turing - Natural Language\Reverse-Turing\bir\neostore.relationshiptypestore.db hit=0 miss=0 switches=0 ooe=0
2013-01-21 08:00:45.569+0000: C:\Users\bobwrit\Documents\Code\Reverse Turing - Natural Language\Reverse-Turing\bir\neostore.propertystore.db.strings hit=0 miss=0 switches=0 ooe=0
2013-01-21 08:00:45.574+0000: C:\Users\bobwrit\Documents\Code\Reverse Turing - Natural Language\Reverse-Turing\bir\neostore.propertystore.db.index.keys hit=0 miss=0 switches=0 ooe=0
2013-01-21 08:00:45.578+0000: C:\Users\bobwrit\Documents\Code\Reverse Turing - Natural Language\Reverse-Turing\bir\neostore.propertystore.db.index hit=0 miss=0 switches=0 ooe=0
2013-01-21 08:00:45.582+0000: C:\Users\bobwrit\Documents\Code\Reverse Turing - Natural Language\Reverse-Turing\bir\neostore.propertystore.db.arrays hit=0 miss=0 switches=0 ooe=0
2013-01-21 08:00:45.586+0000: C:\Users\bobwrit\Documents\Code\Reverse Turing - Natural Language\Reverse-Turing\bir\neostore.propertystore.db hit=0 miss=0 switches=0 ooe=0
2013-01-21 08:00:45.591+0000: C:\Users\bobwrit\Documents\Code\Reverse Turing - Natural Language\Reverse-Turing\bir\neostore.relationshipstore.db hit=0 miss=0 switches=0 ooe=0
2013-01-21 08:00:45.596+0000: C:\Users\bobwrit\Documents\Code\Reverse Turing - Natural Language\Reverse-Turing\bir\neostore.nodestore.db hit=0 miss=0 switches=0 ooe=0
2013-01-21 08:00:45.602+0000: C:\Users\bobwrit\Documents\Code\Reverse Turing - Natural Language\Reverse-Turing\bir\neostore hit=0 miss=8 switches=0 ooe=0
2013-01-21 08:00:45.610+0000: [C:\Users\bobwrit\Documents\Code\Reverse Turing - Natural Language\Reverse-Turing\bir\neostore.relationshiptypestore.db.names] brickCount=0 brickSize=0b mappedMem=0b (storeSize=38b)
2013-01-21 08:00:45.611+0000: [C:\Users\bobwrit\Documents\Code\Reverse Turing - Natural Language\Reverse-Turing\bir\neostore.relationshiptypestore.db] brickCount=0 brickSize=0b mappedMem=0b (storeSize=0b)
2013-01-21 08:00:45.613+0000: [C:\Users\bobwrit\Documents\Code\Reverse Turing - Natural Language\Reverse-Turing\bir\neostore.propertystore.db.strings] brickCount=0 brickSize=73344b mappedMem=73400320b (storeSize=128b)
2013-01-21 08:00:45.614+0000: [C:\Users\bobwrit\Documents\Code\Reverse Turing - Natural Language\Reverse-Turing\bir\neostore.propertystore.db.index.keys] brickCount=0 brickSize=1026b mappedMem=1048576b (storeSize=38b)
2013-01-21 08:00:45.615+0000: [C:\Users\bobwrit\Documents\Code\Reverse Turing - Natural Language\Reverse-Turing\bir\neostore.propertystore.db.index] brickCount=0 brickSize=10485b mappedMem=1048576b (storeSize=0b)
2013-01-21 08:00:45.616+0000: [C:\Users\bobwrit\Documents\Code\Reverse Turing - Natural Language\Reverse-Turing\bir\neostore.propertystore.db.arrays] brickCount=0 brickSize=82816b mappedMem=82837504b (storeSize=128b)
2013-01-21 08:00:45.617+0000: [C:\Users\bobwrit\Documents\Code\Reverse Turing - Natural Language\Reverse-Turing\bir\neostore.propertystore.db] brickCount=0 brickSize=859811b mappedMem=85983232b (storeSize=0b)
2013-01-21 08:00:45.618+0000: [C:\Users\bobwrit\Documents\Code\Reverse Turing - Natural Language\Reverse-Turing\bir\neostore.relationshipstore.db] brickCount=0 brickSize=1048575b mappedMem=104857600b (storeSize=0b)
2013-01-21 08:00:45.620+0000: [C:\Users\bobwrit\Documents\Code\Reverse Turing - Natural Language\Reverse-Turing\bir\neostore.nodestore.db] brickCount=0 brickSize=23067b mappedMem=23068672b (storeSize=9b)
2013-01-21 08:00:45.621+0000: [C:\Users\bobwrit\Documents\Code\Reverse Turing - Natural Language\Reverse-Turing\bir\neostore] brickCount=0 brickSize=0b mappedMem=0b (storeSize=54b)
2013-01-21 08:00:45.641+0000: Opened logical log [C:\Users\bobwrit\Documents\Code\Reverse Turing - Natural Language\Reverse-Turing\bir\nioneo_logical.log.1] version=0, lastTxId=1 (clean)
2013-01-21 08:00:45.653+0000: TM new log: tm_tx_log.1
2013-01-21 08:00:45.676+0000: Opened logical log [C:\Users\bobwrit\Documents\Code\Reverse Turing - Natural Language\Reverse-Turing\bir\index\lucene.log.1] version=0, lastTxId=1 (clean)
2013-01-21 08:00:45.681+0000: --- STARTUP diagnostics START ---
2013-01-21 08:00:45.683+0000: Neo4j Kernel properties:
    forced_kernel_id=
    read_only=false
    neo4j.ext.udc.host=udc.neo4j.org
    logical_log=nioneo_logical.log
    node_auto_indexing=false
    intercept_committing_transactions=false
    remote_shell_name=shell
    relationship_cache_size=352796672
    cache_type=soft
    intercept_deserialized_transactions=false
    lucene_searcher_cache_size=2147483647
    neo4j.ext.udc.interval=86400000
    use_memory_mapped_buffers=false
    rebuild_idgenerators_fast=true
    neostore.propertystore.db.index.keys.mapped_memory=1M
    neostore.propertystore.db.arrays.mapped_memory=79M
    neostore.propertystore.db.strings.mapped_memory=70M
    log_mapped_memory_stats_filename=mapped_memory_stats.log
    log_mapped_memory_stats_interval=1000000
    gcr_cache_min_log_interval=60s
    relationship_grab_size=100
    relationship_auto_indexing=false
    remote_shell_read_only=false
    node_cache_array_fraction=1.0
    allow_store_upgrade=false
    execution_guard_enabled=false
    relationship_cache_array_fraction=1.0
    remote_logging_host=127.0.0.1
    store_dir=bir
    online_backup_enabled=false
    remote_logging_port=4560
    gc_monitor_threshold=200ms
    array_block_size=120
    load_kernel_extensions=true
    neostore.relationshipstore.db.mapped_memory=100M
    keep_logical_logs=true
    dump_configuration=false
    gc_monitor_wait_time=100ms
    neostore.nodestore.db.mapped_memory=22M
    neo4j.ext.udc.first_delay=600000
    remote_shell_enabled=false
    neo4j.ext.udc.reg=unreg
    remote_shell_port=1337
    ephemeral=false
    log_mapped_memory_stats=false
    neo_store=neostore
    mapped_memory_page_size=1M
    query_cache_size=100
    logging.threshold_for_rotation=104857600
    neostore.propertystore.db.index.mapped_memory=1M
    backup_slave=false
    neostore.propertystore.db.mapped_memory=82M
    string_block_size=120
    grab_file_lock=true
    remote_logging_enabled=false
    node_cache_size=352796672
    neo4j.ext.udc.enabled=true
    all_stores_total_mapped_memory_size=500M
    online_backup_port=6362
2013-01-21 08:00:45.688+0000: Diagnostics providers:
    org.neo4j.kernel.configuration.Config
    org.neo4j.kernel.info.DiagnosticsManager
    SYSTEM_MEMORY
    JAVA_MEMORY
    OPERATING_SYSTEM
    JAVA_VIRTUAL_MACHINE
    CLASSPATH
    LIBRARY_PATH
    SYSTEM_PROPERTIES
    NETWORK
2013-01-21 08:00:45.689+0000: System memory information:
    Total Physical memory: 5.91 GB
    Free Physical memory: 2.38 GB
    Committed virtual memory: 135.04 MB
    Total swap space: 11.82 GB
    Free swap space: 7.40 GB
2013-01-21 08:00:45.693+0000: JVM memory information:
    Free  memory: 74.85 MB
    Total memory: 90.63 MB
    Max   memory: 1.31 GB
    Garbage Collector: PS Scavenge: [PS Eden Space, PS Survivor Space]
    Garbage Collector: PS MarkSweep: [PS Eden Space, PS Survivor Space, PS Old Gen, PS Perm Gen]
    Memory Pool: Code Cache (Non-heap memory): committed=2.44 MB, used=519.69 kB, max=48.00 MB, threshold=0.00 B
    Memory Pool: PS Eden Space (Heap memory): committed=23.63 MB, used=15.77 MB, max=496.75 MB, threshold=?
    Memory Pool: PS Survivor Space (Heap memory): committed=3.94 MB, used=0.00 B, max=3.94 MB, threshold=?
    Memory Pool: PS Old Gen (Heap memory): committed=63.06 MB, used=0.00 B, max=1009.38 MB, threshold=0.00 B
    Memory Pool: PS Perm Gen (Non-heap memory): committed=20.75 MB, used=8.01 MB, max=84.00 MB, threshold=0.00 B
2013-01-21 08:00:45.699+0000: Operating system information:
    Operating System: Windows Vista; version: 6.1; arch: amd64; cpus: 4
    Process id: 4348@2-3-4computer
    Byte order: LITTLE_ENDIAN
    Local timezone: America/Denver
2013-01-21 08:00:45.712+0000: JVM information:
    VM Name: Java HotSpot(TM) 64-Bit Server VM
    VM Vendor: Sun Microsystems Inc.
    VM Version: 11.3-b02
    JIT compiler: HotSpot 64-Bit Server Compiler
    VM Arguments: [-Dfile.encoding=Cp1252, -Xbootclasspath/a:C:\Users\bobwrit\AppData\Local\MyEclipse\Common\plugins\com.genuitec.eclipse.j2eedt.core_10.0.0.me201203160414\data\libraryset\EE_5\javaee.jar;C:\Users\bobwrit\AppData\Local\MyEclipse\Common\plugins\com.genuitec.eclipse.j2eedt.core_10.0.0.me201203160414\data\libraryset\EE_5\jsf-impl.jar;C:\Users\bobwrit\AppData\Local\MyEclipse\Common\plugins\com.genuitec.eclipse.j2eedt.core_10.0.0.me201203160414\data\libraryset\EE_5\jsf-api.jar;C:\Users\bobwrit\AppData\Local\MyEclipse\Common\plugins\com.genuitec.eclipse.j2eedt.core_10.0.0.me201203160414\data\libraryset\EE_5\jstl-1.2.jar]
2013-01-21 08:00:45.713+0000: Java classpath:
     [loader.1] file:/C:/Users/bobwrit/AppData/Local/MyEclipse/Common/binary/com.sun.java.jdk.win32.x86_64_1.6.0.013/jre/lib/ext/dnsns.jar
     [classpath + loader.0] file:/C:/DBSTUFF/neo4j-enterprise-1.8.1/lib/neo4j-management-1.8.1.jar
     [bootstrap] C:\Users\bobwrit\AppData\Local\MyEclipse\Common\binary\com.sun.java.jdk.win32.x86_64_1.6.0.013\jre\lib\jsse.jar
     [classpath + loader.0] file:/C:/DBSTUFF/neo4j-enterprise-1.8.1/lib/neo4j-graph-matching-1.8.1.jar
     [bootstrap] C:\Users\bobwrit\AppData\Local\MyEclipse\Common\plugins\com.genuitec.eclipse.j2eedt.core_10.0.0.me201203160414\data\libraryset\EE_5\jsf-impl.jar
     [bootstrap] C:\Users\bobwrit\AppData\Local\MyEclipse\Common\binary\com.sun.java.jdk.win32.x86_64_1.6.0.013\jre\lib\rt.jar
     [classpath + loader.0] file:/C:/DBSTUFF/neo4j-enterprise-1.8.1/lib/neo4j-consistency-check-1.8.1.jar
     [classpath + loader.0] file:/C:/DBSTUFF/neo4j-enterprise-1.8.1/lib/org.apache.servicemix.bundles.jline-0.9.94_1.jar
     [classpath + loader.0] file:/C:/DBSTUFF/neo4j-enterprise-1.8.1/lib/neo4j-com-1.8.1.jar
     [bootstrap] C:\Users\bobwrit\AppData\Local\MyEclipse\Common\binary\com.sun.java.jdk.win32.x86_64_1.6.0.013\jre\lib\charsets.jar
     [bootstrap] C:\Users\bobwrit\AppData\Local\MyEclipse\Common\binary\com.sun.java.jdk.win32.x86_64_1.6.0.013\jre\classes
     [loader.1] file:/C:/Users/bobwrit/AppData/Local/MyEclipse/Common/binary/com.sun.java.jdk.win32.x86_64_1.6.0.013/jre/lib/ext/localedata.jar
     [classpath + loader.0] file:/C:/DBSTUFF/neo4j-enterprise-1.8.1/lib/zookeeper-3.3.2.jar
     [classpath + loader.0] file:/C:/DBSTUFF/neo4j-enterprise-1.8.1/lib/neo4j-cypher-1.8.1.jar
     [loader.1] file:/C:/Users/bobwrit/AppData/Local/MyEclipse/Common/binary/com.sun.java.jdk.win32.x86_64_1.6.0.013/jre/lib/ext/sunjce_provider.jar
     [classpath + loader.0] file:/C:/DBSTUFF/neo4j-enterprise-1.8.1/lib/lucene-core-3.5.0.jar
     [classpath + loader.0] file:/C:/Users/bobwrit/Documents/Code/Libraries/commons-lang3-3.1/commons-lang3-3.1-javadoc.jar
     [classpath + loader.0] file:/C:/Users/bobwrit/Documents/Code/Libraries/commons-lang3-3.1/commons-lang3-3.1.jar
     [classpath + loader.0] file:/C:/DBSTUFF/neo4j-enterprise-1.8.1/lib/geronimo-jta_1.1_spec-1.1.1.jar
     [classpath + loader.0] file:/C:/DBSTUFF/neo4j-enterprise-1.8.1/lib/org.apache.servicemix.bundles.netty-3.2.5.Final_1.jar
     [classpath + loader.0] file:/C:/DBSTUFF/neo4j-enterprise-1.8.1/lib/scala-library-2.9.1-1.jar
     [classpath + loader.0] file:/C:/DBSTUFF/neo4j-enterprise-1.8.1/lib/neo4j-jmx-1.8.1.jar
     [bootstrap] C:\Users\bobwrit\AppData\Local\MyEclipse\Common\plugins\com.genuitec.eclipse.j2eedt.core_10.0.0.me201203160414\data\libraryset\EE_5\jsf-api.jar
     [classpath + loader.0] file:/C:/DBSTUFF/neo4j-enterprise-1.8.1/lib/neo4j-backup-1.8.1.jar
     [classpath] C:\Users\bobwrit\Documents\Code\Reverse Turing - Natural Language\Reverse-Turing\WebRoot\WEB-INF\classes
     [classpath + loader.0] file:/C:/DBSTUFF/neo4j-enterprise-1.8.1/lib/neo4j-shell-1.8.1.jar
     [loader.0] file:/C:/Users/bobwrit/Documents/Code/Reverse%20Turing%20-%20Natural%20Language/Reverse-Turing/WebRoot/WEB-INF/classes/
     [classpath + loader.0] file:/C:/DBSTUFF/neo4j-enterprise-1.8.1/lib/neo4j-lucene-index-1.8.1.jar
     [classpath + loader.0] file:/C:/DBSTUFF/neo4j-enterprise-1.8.1/lib/neo4j-udc-1.8.1.jar
     [classpath + loader.0] file:/C:/DBSTUFF/neo4j-enterprise-1.8.1/lib/neo4j-kernel-1.8.1.jar
     [classpath + loader.0] file:/C:/Users/bobwrit/Documents/Code/Libraries/commons-lang3-3.1/commons-lang3-3.1-sources.jar
     [bootstrap] C:\Users\bobwrit\AppData\Local\MyEclipse\Common\binary\com.sun.java.jdk.win32.x86_64_1.6.0.013\jre\lib\resources.jar
     [bootstrap] C:\Users\bobwrit\AppData\Local\MyEclipse\Common\plugins\com.genuitec.eclipse.j2eedt.core_10.0.0.me201203160414\data\libraryset\EE_5\javaee.jar
     [classpath + loader.0] file:/C:/DBSTUFF/neo4j-enterprise-1.8.1/lib/neo4j-ha-1.8.1.jar
     [classpath + loader.0] file:/C:/DBSTUFF/neo4j-enterprise-1.8.1/lib/server-api-1.8.1.jar
     [bootstrap] C:\Users\bobwrit\AppData\Local\MyEclipse\Common\plugins\com.genuitec.eclipse.j2eedt.core_10.0.0.me201203160414\data\libraryset\EE_5\jstl-1.2.jar
     [classpath + loader.0] file:/C:/Users/bobwrit/Documents/Code/Libraries/commons-lang3-3.1/commons-lang3-3.1-tests.jar
     [bootstrap] C:\Users\bobwrit\AppData\Local\MyEclipse\Common\binary\com.sun.java.jdk.win32.x86_64_1.6.0.013\jre\lib\sunrsasign.jar
     [bootstrap] C:\Users\bobwrit\AppData\Local\MyEclipse\Common\binary\com.sun.java.jdk.win32.x86_64_1.6.0.013\jre\lib\jce.jar
     [classpath + loader.0] file:/C:/DBSTUFF/neo4j-enterprise-1.8.1/lib/neo4j-graph-algo-1.8.1.jar
     [classpath + loader.0] file:/C:/DBSTUFF/neo4j-enterprise-1.8.1/lib/slf4j-api-1.6.2.jar
2013-01-21 08:00:45.721+0000: Library path:
    C:\Users\bobwrit\AppData\Local\MyEclipse\Common\binary\com.sun.java.jdk.win32.x86_64_1.6.0.013\bin
    C:\Users\bobwrit\Documents\Code\Reverse Turing - Natural Language\Reverse-Turing
    C:\Windows\Sun\Java\bin
    C:\Windows\System32
    C:\Windows
    C:\Program Files (x86)\NVIDIA Corporation\PhysX\Common
    C:\Program Files (x86)\PC Connectivity Solution
    C:\Program Files\NVIDIA GPU Computing Toolkit\CUDA\v4.1\bin
    C:\Program Files\NVIDIA GPU Computing Toolkit\CUDA\v4.1\libnvvp
    C:\Program Files\Common Files\Microsoft Shared\Windows Live
    C:\Program Files (x86)\Common Files\microsoft shared\Windows Live
    C:\Windows\System32
    C:\Windows
    C:\Windows\System32\wbem
    C:\Windows\System32\WindowsPowerShell\v1.0
    C:\Program Files (x86)\Windows Live\Shared
    C:\Program Files (x86)\Toshiba\Bluetooth Toshiba Stack\sys
    C:\Program Files (x86)\Toshiba\Bluetooth Toshiba Stack\sys\x64
    C:\Program Files (x86)\Microsoft SQL Server\110\Tools\Binn
    C:\Program Files\Microsoft SQL Server\110\Tools\Binn
    C:\Program Files\Microsoft SQL Server\110\DTS\Binn
    C:\ProgramData\NVIDIA Corporation\NVIDIA GPU Computing SDK 4.1\C\common\bin
    C:\Program Files (x86)\Microsoft ASP.NET\ASP.NET Web Pages\v1.0
    C:\Program Files\Microsoft\Web Platform Installer
    C:\Program Files (x86)\Windows Kits\8.0\Windows Performance Toolkit
    C:\Program Files\MATLAB\R2011a\runtime\win64
    C:\Program Files\MATLAB\R2011a\bin
    C:\Program Files (x86)\Tesseract-OCR
    C:\altera\11.1\modelsim_ase\win32aloem
    C:\sdelete
    C:\Python27
    C:\msysgit
    C:\Program Files (x86)\Android\android-sdk\platform-tools
    C:\DBSTUFF\neo4j-enterprise-1.8.1
    C:\DBSTUFF
2013-01-21 08:00:45.735+0000: System.properties:
    sun.boot.library.path = C:\Users\bobwrit\AppData\Local\MyEclipse\Common\binary\com.sun.java.jdk.win32.x86_64_1.6.0.013\jre\bin
    path.separator = ;
    file.encoding.pkg = sun.io
    sun.java.launcher = SUN_STANDARD
    user.country = US
    sun.os.patch.level = Service Pack 1
    user.dir = C:\Users\bobwrit\Documents\Code\Reverse Turing - Natural Language\Reverse-Turing
    user.variant = 
    sun.jnu.encoding = Cp1252
    sun.management.compiler = HotSpot 64-Bit Server Compiler
    user.home = C:\Users\bobwrit
    user.timezone = America/Denver
    file.encoding = Cp1252
    user.name = bobwrit
    sun.arch.data.model = 64
    user.language = en
    awt.toolkit = sun.awt.windows.WToolkit
    file.separator = \
    sun.io.unicode.encoding = UnicodeLittle
    sun.cpu.endian = little
    sun.desktop = windows
    sun.cpu.isalist = amd64
2013-01-21 08:00:45.736+0000: Network information:
    Interface Software Loopback Interface 1:
        address: 0:0:0:0:0:0:0:1
        address: 127.0.0.1
    Interface WAN Miniport (SSTP):
    Interface WAN Miniport (L2TP):
    Interface WAN Miniport (PPTP):
    Interface WAN Miniport (PPPOE):
    Interface WAN Miniport (IPv6):
    Interface WAN Miniport (Network Monitor):
    Interface WAN Miniport (IP):
    Interface RAS Async Adapter:
    Interface WAN Miniport (IKEv2):
    Interface Atheros AR9002WB-1NG Wireless Network Adapter:
    Interface Realtek PCIe GBE Family Controller:
    Interface Teredo Tunneling Pseudo-Interface:
    Interface Teredo Tunneling Pseudo-Interface:
    Interface Teredo Tunneling Pseudo-Interface:
    Interface Teredo Tunneling Pseudo-Interface:
    Interface Teredo Tunneling Pseudo-Interface:
    Interface Teredo Tunneling Pseudo-Interface:
    Interface Teredo Tunneling Pseudo-Interface:
    Interface Teredo Tunneling Pseudo-Interface:
    Interface Teredo Tunneling Pseudo-Interface:
    Interface Teredo Tunneling Pseudo-Interface:
    Interface Teredo Tunneling Pseudo-Interface:
    Interface Teredo Tunneling Pseudo-Interface:
    Interface Teredo Tunneling Pseudo-Interface:
    Interface Teredo Tunneling Pseudo-Interface:
    Interface Teredo Tunneling Pseudo-Interface:
    Interface Teredo Tunneling Pseudo-Interface:
    Interface Teredo Tunneling Pseudo-Interface:
    Interface Teredo Tunneling Pseudo-Interface:
    Interface Teredo Tunneling Pseudo-Interface:
    Interface Teredo Tunneling Pseudo-Interface:
    Interface Teredo Tunneling Pseudo-Interface:
    Interface Teredo Tunneling Pseudo-Interface:
    Interface Teredo Tunneling Pseudo-Interface:
    Interface Teredo Tunneling Pseudo-Interface:
    Interface Teredo Tunneling Pseudo-Interface:
    Interface Microsoft ISATAP Adapter:
    Interface Teredo Tunneling Pseudo-Interface:
    Interface Teredo Tunneling Pseudo-Interface:
    Interface Microsoft ISATAP Adapter #2:
    Interface Teredo Tunneling Pseudo-Interface:
    Interface Microsoft ISATAP Adapter #4:
    Interface Teredo Tunneling Pseudo-Interface:
    Interface Teredo Tunneling Pseudo-Interface:
    Interface Teredo Tunneling Pseudo-Interface:
    Interface Teredo Tunneling Pseudo-Interface:
    Interface Teredo Tunneling Pseudo-Interface:
    Interface Teredo Tunneling Pseudo-Interface:
    Interface Teredo Tunneling Pseudo-Interface:
    Interface Teredo Tunneling Pseudo-Interface:
    Interface Teredo Tunneling Pseudo-Interface:
    Interface Teredo Tunneling Pseudo-Interface:
    Interface Teredo Tunneling Pseudo-Interface:
    Interface Teredo Tunneling Pseudo-Interface:
    Interface Teredo Tunneling Pseudo-Interface:
    Interface Teredo Tunneling Pseudo-Interface:
    Interface Teredo Tunneling Pseudo-Interface:
    Interface Teredo Tunneling Pseudo-Interface:
    Interface Teredo Tunneling Pseudo-Interface:
    Interface Teredo Tunneling Pseudo-Interface:
    Interface Teredo Tunneling Pseudo-Interface:
    Interface Microsoft 6to4 Adapter:
    Interface Microsoft ISATAP Adapter #4:
    Interface Teredo Tunneling Pseudo-Interface:
    Interface Teredo Tunneling Pseudo-Interface:
    Interface Bluetooth Personal Area Network:
    Interface Atheros AR9002WB-1NG Wireless Network Adapter:
        address: fe80:0:0:0:8866:865c:d362:b894%68
        address: 192.168.1.215
    Interface Microsoft 6to4 Adapter:
    Interface PdaNet Broadband Adapter:
        address: fe80:0:0:0:7121:3b3e:fa2b:1324%70
    Interface Microsoft ISATAP Adapter:
        address: fe80:0:0:0:0:5efe:c0a8:1d7%71
    Interface Teredo Tunneling Pseudo-Interface:
    Interface Atheros AR9002WB-1NG Wireless Network Adapter-Virtual PC Network Filter Driver-0000:
    Interface Atheros AR9002WB-1NG Wireless Network Adapter-QoS Packet Scheduler-0000:
    Interface Atheros AR9002WB-1NG Wireless Network Adapter-Virtual WiFi Filter Driver-0000:
    Interface PdaNet Broadband Adapter-Virtual PC Network Filter Driver-0000:
    Interface PdaNet Broadband Adapter-QoS Packet Scheduler-0000:
    Interface PdaNet Broadband Adapter-WFP LightWeight Filter-0000:
    Interface Atheros AR9002WB-1NG Wireless Network Adapter-Native WiFi Filter Driver-0000:
    Interface Atheros AR9002WB-1NG Wireless Network Adapter-WFP LightWeight Filter-0000:
2013-01-21 08:00:45.751+0000: --- STARTUP diagnostics END ---
2013-01-21 08:00:45.756+0000: Recovery completed, all transactions have been resolved to a consistent state.
2013-01-21 08:00:45.880+0000: Extension org.neo4j.kernel.KernelExtension[kernel jmx] loaded ok
2013-01-21 08:00:45.885+0000: Extension org.neo4j.kernel.KernelExtension[kernel udc] loaded ok
2013-01-21 08:00:45.886+0000: Extension org.neo4j.kernel.KernelExtension[shell] loaded ok
2013-01-21 08:00:45.886+0000: Extension org.neo4j.kernel.KernelExtension[online backup] loaded ok
2013-01-21 08:00:45.889+0000: --- STARTUP diagnostics for KernelDiagnostics:Versions START ---
2013-01-21 08:00:45.889+0000: Graph Database: org.neo4j.kernel.EmbeddedGraphDatabase StoreId[time:1358755245392, id:6691391830715000264, store version: 13561656364791302]
2013-01-21 08:00:45.889+0000: Kernel version: Neo4j - Graph Database Kernel 1.8.1
2013-01-21 08:00:45.890+0000: Neo4j component versions:
2013-01-21 08:00:45.891+0000:   Neo4j - Graph Database Kernel 1.8.1
2013-01-21 08:00:45.891+0000: --- STARTUP diagnostics for KernelDiagnostics:Versions END ---
2013-01-21 08:00:45.893+0000: --- STARTUP diagnostics for NEO_STORE_VERSIONS START ---
2013-01-21 08:00:45.893+0000: Store versions:
    Store versions:
      NeoStore v0.A.0
      NodeStore v0.A.0
      RelationshipStore v0.A.0
      RelationshipTypeStore v0.A.0
      PropertyStore v0.A.0
      PropertyIndexStore v0.A.0
      StringPropertyStore v0.A.0
      ArrayPropertyStore v0.A.0
2013-01-21 08:00:45.894+0000: --- STARTUP diagnostics for NEO_STORE_VERSIONS END ---
2013-01-21 08:00:45.894+0000: --- STARTUP diagnostics for NEO_STORE_ID_USAGE START ---
2013-01-21 08:00:45.894+0000: Id usage:
    Id usage:
      NodeStore: used=1 high=0
      RelationshipStore: used=0 high=-1
      RelationshipTypeStore: used=0 high=-1
      PropertyStore: used=0 high=-1
      PropertyIndexStore: used=0 high=-1
      StringPropertyStore: used=1 high=0
      ArrayPropertyStore: used=1 high=0
2013-01-21 08:00:45.894+0000: --- STARTUP diagnostics for NEO_STORE_ID_USAGE END ---
2013-01-21 08:00:45.895+0000: --- STARTUP diagnostics for PERSISTENCE_WINDOW_POOL_STATS START ---
2013-01-21 08:00:45.895+0000: --- STARTUP diagnostics for PERSISTENCE_WINDOW_POOL_STATS END ---
2013-01-21 08:00:45.895+0000: --- STARTUP diagnostics for KernelDiagnostics:StoreFiles START ---
2013-01-21 08:00:45.897+0000: Disk space on partition (Total / Free / Free %): 622377037824 / 115806322688 / 81
Storage files: (filename : modification date - size)
      active_tx_log: 2013-01-21T01:00:45-0700 - 11.00 B
      index:
        lucene-store.db: 2013-01-21T01:00:45-0700 - 40.00 B
        lucene.log.1: 2013-01-21T01:00:45-0700 - 16.00 B
        lucene.log.active: 2013-01-21T01:00:45-0700 - 4.00 B
      - Total: 2013-01-21T01:00:45-0700 - 60.00 B
      lock: 2013-01-21T01:00:45-0700 - 0.00 B
      messages.log: 2013-01-21T01:00:45-0700 - 26.03 kB
      neostore: 2013-01-21T01:00:45-0700 - 54.00 B
      neostore.id: 2013-01-21T01:00:45-0700 - 9.00 B
      neostore.nodestore.db: 2013-01-21T01:00:45-0700 - 9.00 B
      neostore.nodestore.db.id: 2013-01-21T01:00:45-0700 - 9.00 B
      neostore.propertystore.db: 2013-01-21T01:00:45-0700 - 0.00 B
      neostore.propertystore.db.arrays: 2013-01-21T01:00:45-0700 - 128.00 B
      neostore.propertystore.db.arrays.id: 2013-01-21T01:00:45-0700 - 9.00 B
      neostore.propertystore.db.id: 2013-01-21T01:00:45-0700 - 9.00 B
      neostore.propertystore.db.index: 2013-01-21T01:00:45-0700 - 0.00 B
      neostore.propertystore.db.index.id: 2013-01-21T01:00:45-0700 - 9.00 B
      neostore.propertystore.db.index.keys: 2013-01-21T01:00:45-0700 - 38.00 B
      neostore.propertystore.db.index.keys.id: 2013-01-21T01:00:45-0700 - 9.00 B
      neostore.propertystore.db.strings: 2013-01-21T01:00:45-0700 - 128.00 B
      neostore.propertystore.db.strings.id: 2013-01-21T01:00:45-0700 - 9.00 B
      neostore.relationshipstore.db: 2013-01-21T01:00:45-0700 - 0.00 B
      neostore.relationshipstore.db.id: 2013-01-21T01:00:45-0700 - 9.00 B
      neostore.relationshiptypestore.db: 2013-01-21T01:00:45-0700 - 0.00 B
      neostore.relationshiptypestore.db.id: 2013-01-21T01:00:45-0700 - 9.00 B
      neostore.relationshiptypestore.db.names: 2013-01-21T01:00:45-0700 - 38.00 B
      neostore.relationshiptypestore.db.names.id: 2013-01-21T01:00:45-0700 - 9.00 B
      nioneo_logical.log.1: 2013-01-21T01:00:45-0700 - 16.00 B
      nioneo_logical.log.active: 2013-01-21T01:00:45-0700 - 4.00 B
      tm_tx_log.1: 2013-01-21T01:00:45-0700 - 0.00 B
2013-01-21 08:00:45.907+0000: --- STARTUP diagnostics for KernelDiagnostics:StoreFiles END ---
2013-01-21 08:00:45.909+0000: Started - database is now available
2013-01-21 08:00:45.910+0000: GC Monitor started. 
2013-01-21 08:01:51.966+0000: GC Monitor: Application threads blocked for an additional 104ms [total block time: 0.104s]
